# JRE version: OpenJDK Runtime Environment (11.0.8+10) (build 11.0.8+10-b944.6842174)
# Java VM: OpenJDK 64-Bit Server VM (11.0.8+10-b944.6842174, mixed mode, tiered, compressed oops, g1 gc, windows-amd64)
Heap:
 garbage-first heap   total 559104K, used 377330K [0x00000000a0000000, 0x0000000100000000)
  region size 1024K, 311 young (318464K), 12 survivors (12288K)
 Metaspace       used 57875K, capacity 59239K, committed 59520K, reserved 1101824K
  class space    used 7010K, capacity 7438K, committed 7552K, reserved 1048576K
GC Heap History (20 events):
Event: 34.227 GC heap before
{Heap before GC invocations=56 (full 0):
 garbage-first heap   total 186368K, used 131045K [0x00000000a0000000, 0x0000000100000000)
  region size 1024K, 69 young (70656K), 6 survivors (6144K)
 Metaspace       used 40596K, capacity 41315K, committed 41472K, reserved 1085440K
  class space    used 5092K, capacity 5353K, committed 5376K, reserved 1048576K
}
Event: 35.200 GC heap after
{Heap after GC invocations=57 (full 0):
 garbage-first heap   total 186368K, used 84992K [0x00000000a0000000, 0x0000000100000000)
  region size 1024K, 9 young (9216K), 9 survivors (9216K)
 Metaspace       used 40596K, capacity 41315K, committed 41472K, reserved 1085440K
  class space    used 5092K, capacity 5353K, committed 5376K, reserved 1048576K
}
Event: 40.151 GC heap before
{Heap before GC invocations=57 (full 0):
 garbage-first heap   total 186368K, used 106496K [0x00000000a0000000, 0x0000000100000000)
  region size 1024K, 30 young (30720K), 9 survivors (9216K)
 Metaspace       used 40602K, capacity 41318K, committed 41472K, reserved 1085440K
  class space    used 5092K, capacity 5353K, committed 5376K, reserved 1048576K
}
Event: 42.147 GC heap after
{Heap after GC invocations=58 (full 0):
 garbage-first heap   total 186368K, used 82432K [0x00000000a0000000, 0x0000000100000000)
  region size 1024K, 4 young (4096K), 4 survivors (4096K)
 Metaspace       used 40602K, capacity 41318K, committed 41472K, reserved 1085440K
  class space    used 5092K, capacity 5353K, committed 5376K, reserved 1048576K
}
Event: 42.867 GC heap before
{Heap before GC invocations=58 (full 0):
 garbage-first heap   total 186368K, used 101888K [0x00000000a0000000, 0x0000000100000000)
  region size 1024K, 23 young (23552K), 4 survivors (4096K)
 Metaspace       used 40604K, capacity 41318K, committed 41472K, reserved 1085440K
  class space    used 5092K, capacity 5353K, committed 5376K, reserved 1048576K
}
Event: 42.874 GC heap after
{Heap after GC invocations=59 (full 0):
 garbage-first heap   total 186368K, used 84405K [0x00000000a0000000, 0x0000000100000000)
  region size 1024K, 3 young (3072K), 3 survivors (3072K)
 Metaspace       used 40604K, capacity 41318K, committed 41472K, reserved 1085440K
  class space    used 5092K, capacity 5353K, committed 5376K, reserved 1048576K
}
Event: 43.512 GC heap before
{Heap before GC invocations=59 (full 0):
 garbage-first heap   total 186368K, used 140725K [0x00000000a0000000, 0x0000000100000000)
  region size 1024K, 58 young (59392K), 3 survivors (3072K)
 Metaspace       used 40604K, capacity 41318K, committed 41472K, reserved 1085440K
  class space    used 5092K, capacity 5353K, committed 5376K, reserved 1048576K
}
Event: 43.530 GC heap after
{Heap after GC invocations=60 (full 0):
 garbage-first heap   total 186368K, used 101310K [0x00000000a0000000, 0x0000000100000000)
  region size 1024K, 8 young (8192K), 8 survivors (8192K)
 Metaspace       used 40604K, capacity 41318K, committed 41472K, reserved 1085440K
  class space    used 5092K, capacity 5353K, committed 5376K, reserved 1048576K
}
Event: 45.708 GC heap before
{Heap before GC invocations=60 (full 0):
 garbage-first heap   total 186368K, used 142270K [0x00000000a0000000, 0x0000000100000000)
  region size 1024K, 48 young (49152K), 8 survivors (8192K)
 Metaspace       used 40994K, capacity 41744K, committed 42112K, reserved 1085440K
  class space    used 5110K, capacity 5387K, committed 5504K, reserved 1048576K
}
Event: 45.907 GC heap after
{Heap after GC invocations=61 (full 0):
 garbage-first heap   total 186368K, used 103502K [0x00000000a0000000, 0x0000000100000000)
  region size 1024K, 2 young (2048K), 2 survivors (2048K)
 Metaspace       used 40994K, capacity 41744K, committed 42112K, reserved 1085440K
  class space    used 5110K, capacity 5387K, committed 5504K, reserved 1048576K
}
Event: 49.298 GC heap before
{Heap before GC invocations=62 (full 0):
 garbage-first heap   total 186368K, used 93839K [0x00000000a0000000, 0x0000000100000000)
  region size 1024K, 42 young (43008K), 2 survivors (2048K)
 Metaspace       used 44460K, capacity 45550K, committed 45824K, reserved 1089536K
  class space    used 5516K, capacity 5837K, committed 5888K, reserved 1048576K
}
Event: 49.370 GC heap after
{Heap after GC invocations=63 (full 0):
 garbage-first heap   total 559104K, used 55855K [0x00000000a0000000, 0x0000000100000000)
  region size 1024K, 4 young (4096K), 4 survivors (4096K)
 Metaspace       used 44460K, capacity 45550K, committed 45824K, reserved 1089536K
  class space    used 5516K, capacity 5837K, committed 5888K, reserved 1048576K
}
Event: 50.480 GC heap before
{Heap before GC invocations=63 (full 0):
 garbage-first heap   total 559104K, used 79407K [0x00000000a0000000, 0x0000000100000000)
  region size 1024K, 27 young (27648K), 4 survivors (4096K)
 Metaspace       used 45604K, capacity 46783K, committed 47104K, reserved 1089536K
  class space    used 5722K, capacity 6057K, committed 6144K, reserved 1048576K
}
Event: 50.493 GC heap after
{Heap after GC invocations=64 (full 0):
 garbage-first heap   total 559104K, used 57415K [0x00000000a0000000, 0x0000000100000000)
  region size 1024K, 2 young (2048K), 2 survivors (2048K)
 Metaspace       used 45604K, capacity 46783K, committed 47104K, reserved 1089536K
  class space    used 5722K, capacity 6057K, committed 6144K, reserved 1048576K
}
Event: 64.192 GC heap before
{Heap before GC invocations=64 (full 0):
 garbage-first heap   total 559104K, used 131143K [0x00000000a0000000, 0x0000000100000000)
  region size 1024K, 75 young (76800K), 2 survivors (2048K)
 Metaspace       used 55993K, capacity 57385K, committed 57472K, reserved 1099776K
  class space    used 6893K, capacity 7257K, committed 7296K, reserved 1048576K
}
Event: 64.215 GC heap after
{Heap after GC invocations=65 (full 0):
 garbage-first heap   total 559104K, used 62189K [0x00000000a0000000, 0x0000000100000000)
  region size 1024K, 7 young (7168K), 7 survivors (7168K)
 Metaspace       used 55993K, capacity 57385K, committed 57472K, reserved 1099776K
  class space    used 6893K, capacity 7257K, committed 7296K, reserved 1048576K
}
Event: 87.270 GC heap before
{Heap before GC invocations=65 (full 0):
 garbage-first heap   total 559104K, used 172781K [0x00000000a0000000, 0x0000000100000000)
  region size 1024K, 116 young (118784K), 7 survivors (7168K)
 Metaspace       used 56973K, capacity 58342K, committed 58624K, reserved 1099776K
  class space    used 6937K, capacity 7340K, committed 7424K, reserved 1048576K
}
Event: 87.325 GC heap after
{Heap after GC invocations=66 (full 0):
 garbage-first heap   total 559104K, used 62882K [0x00000000a0000000, 0x0000000100000000)
  region size 1024K, 7 young (7168K), 7 survivors (7168K)
 Metaspace       used 56973K, capacity 58342K, committed 58624K, reserved 1099776K
  class space    used 6937K, capacity 7340K, committed 7424K, reserved 1048576K
}
Event: 96.939 GC heap before
{Heap before GC invocations=66 (full 0):
 garbage-first heap   total 559104K, used 364962K [0x00000000a0000000, 0x0000000100000000)
  region size 1024K, 303 young (310272K), 7 survivors (7168K)
 Metaspace       used 57097K, capacity 58470K, committed 58624K, reserved 1099776K
  class space    used 6937K, capacity 7340K, committed 7424K, reserved 1048576K
}
Event: 96.973 GC heap after
{Heap after GC invocations=67 (full 0):
 garbage-first heap   total 559104K, used 68082K [0x00000000a0000000, 0x0000000100000000)
  region size 1024K, 12 young (12288K), 12 survivors (12288K)
 Metaspace       used 57097K, capacity 58470K, committed 58624K, reserved 1099776K
  class space    used 6937K, capacity 7340K, committed 7424K, reserved 1048576K
}

